<?xml version="1.0" encoding="UTF-8"?>
<testsuite xmlns:xsi="http://www.w3.org/2001/XMLSchema-instance" xsi:noNamespaceSchemaLocation="https://maven.apache.org/surefire/maven-surefire-plugin/xsd/surefire-test-report-3.0.xsd" version="3.0" name="com.liuhuang.fitness.VO.MyTest" time="0.19" tests="1" errors="0" skipped="0" failures="0">
  <properties>
[...]
</properties>
  <testcase name="test" classname="com.liuhuang.fitness.VO.MyTest" time="0.179">
    <system-out><![CDATA[2024-11-01T15:47:40.872+08:00  INFO 269980 --- [fitness] [           main] t.c.s.AnnotationConfigContextLoaderUtils : Could not detect default configuration classes for test class [com.liuhuang.fitness.VO.MyTest]: MyTest does not declare any static, non-private, non-final, nested classes annotated with @Configuration.
2024-11-01T15:47:40.878+08:00  INFO 269980 --- [fitness] [           main] .b.t.c.SpringBootTestContextBootstrapper : Found @SpringBootConfiguration com.liuhuang.fitness.FitnessApplication for test class com.liuhuang.fitness.VO.MyTest
[Recording(id=21, username=admin, height=178.0, weight=75.0, bmi=23.6713, recordingTime=2024-06-14), Recording(id=24, username=admin, height=178.0, weight=80.0, bmi=25.2493, recordingTime=2024-06-17), Recording(id=31, username=admin, height=178.0, weight=79.0, bmi=24.9337, recordingTime=2024-06-18), Recording(id=33, username=admin, height=178.0, weight=76.0, bmi=23.9869, recordingTime=2024-06-19), Recording(id=35, username=admin, height=178.0, weight=77.0, bmi=24.3025, recordingTime=2024-06-20), Recording(id=36, username=admin, height=178.0, weight=81.0, bmi=25.565, recordingTime=2024-06-21), Recording(id=39, username=admin, height=178.0, weight=77.0, bmi=24.3025, recordingTime=2024-06-23), Recording(id=40, username=admin, height=178.0, weight=78.0, bmi=24.6181, recordingTime=2024-06-24), Recording(id=41, username=admin, height=175.0, weight=60.0, bmi=19.5918, recordingTime=2024-06-26), Recording(id=42, username=admin, height=182.0, weight=60.0, bmi=18.1138, recordingTime=2024-09-17)]
]]></system-out>
  </testcase>
</testsuite>