<?xml version="1.0" encoding="UTF-8"?>
<testsuite xmlns:xsi="http://www.w3.org/2001/XMLSchema-instance" xsi:noNamespaceSchemaLocation="https://maven.apache.org/surefire/maven-surefire-plugin/xsd/surefire-test-report-3.0.xsd" version="3.0" name="com.liuhuang.fitness.FitnessApplicationTests" time="5.582" tests="1" errors="0" skipped="0" failures="0">
  <properties>
[...]
</properties>
  <testcase name="contextLoads" classname="com.liuhuang.fitness.FitnessApplicationTests" time="0.527">
    <system-out><![CDATA[15:47:35.512 [main] INFO org.springframework.test.context.support.AnnotationConfigContextLoaderUtils -- Could not detect default configuration classes for test class [com.liuhuang.fitness.FitnessApplicationTests]: FitnessApplicationTests does not declare any static, non-private, non-final, nested classes annotated with @Configuration.
15:47:35.626 [main] INFO org.springframework.boot.test.context.SpringBootTestContextBootstrapper -- Found @SpringBootConfiguration com.liuhuang.fitness.FitnessApplication for test class com.liuhuang.fitness.FitnessApplicationTests
15:47:35.838 [main] INFO org.springframework.boot.devtools.restart.RestartApplicationListener -- Restart disabled due to context in which it is running
  .   ____          _            __ _ _
 /\\ / ___'_ __ _ _(_)_ __  __ _ \ \ \ \
( ( )\___ | '_ | '_| | '_ \/ _` | \ \ \ \
 \\/  ___)| |_)| | | | | || (_| |  ) ) ) )
  '  |____| .__|_| |_|_| |_\__, | / / / /
 =========|_|==============|___/=/_/_/_/

 :: Spring Boot ::                (v3.3.0)

2024-11-01T15:47:36.153+08:00  INFO 269980 --- [fitness] [           main] c.l.fitness.FitnessApplicationTests      : Starting FitnessApplicationTests using Java 21.0.1 with PID 269980 (started by 61700 in D:\java\fitness)
2024-11-01T15:47:36.154+08:00  INFO 269980 --- [fitness] [           main] c.l.fitness.FitnessApplicationTests      : No active profile set, falling back to 1 default profile: "default"
2024-11-01T15:47:36.834+08:00  INFO 269980 --- [fitness] [           main] .s.d.r.c.RepositoryConfigurationDelegate : Bootstrapping Spring Data JPA repositories in DEFAULT mode.
2024-11-01T15:47:36.905+08:00  INFO 269980 --- [fitness] [           main] .s.d.r.c.RepositoryConfigurationDelegate : Finished Spring Data repository scanning in 63 ms. Found 6 JPA repository interfaces.
2024-11-01T15:47:37.379+08:00  INFO 269980 --- [fitness] [           main] o.hibernate.jpa.internal.util.LogHelper  : HHH000204: Processing PersistenceUnitInfo [name: default]
2024-11-01T15:47:37.511+08:00  INFO 269980 --- [fitness] [           main] org.hibernate.Version                    : HHH000412: Hibernate ORM core version 6.5.2.Final
2024-11-01T15:47:37.563+08:00  INFO 269980 --- [fitness] [           main] o.h.c.internal.RegionFactoryInitiator    : HHH000026: Second-level cache disabled
2024-11-01T15:47:38.015+08:00  INFO 269980 --- [fitness] [           main] o.s.o.j.p.SpringPersistenceUnitInfo      : No LoadTimeWeaver setup: ignoring JPA class transformer
2024-11-01T15:47:38.052+08:00  INFO 269980 --- [fitness] [           main] com.zaxxer.hikari.HikariDataSource       : HikariPool-1 - Starting...
2024-11-01T15:47:38.268+08:00  INFO 269980 --- [fitness] [           main] com.zaxxer.hikari.pool.HikariPool        : HikariPool-1 - Added connection com.mysql.cj.jdbc.ConnectionImpl@3b3546a3
2024-11-01T15:47:38.271+08:00  INFO 269980 --- [fitness] [           main] com.zaxxer.hikari.HikariDataSource       : HikariPool-1 - Start completed.
2024-11-01T15:47:39.399+08:00  INFO 269980 --- [fitness] [           main] o.h.e.t.j.p.i.JtaPlatformInitiator       : HHH000489: No JTA platform available (set 'hibernate.transaction.jta.platform' to enable JTA platform integration)
2024-11-01T15:47:39.496+08:00  INFO 269980 --- [fitness] [           main] j.LocalContainerEntityManagerFactoryBean : Initialized JPA EntityManagerFactory for persistence unit 'default'
2024-11-01T15:47:39.980+08:00  WARN 269980 --- [fitness] [           main] JpaBaseConfiguration$JpaWebConfiguration : spring.jpa.open-in-view is enabled by default. Therefore, database queries may be performed during view rendering. Explicitly configure spring.jpa.open-in-view to disable this warning
2024-11-01T15:47:40.323+08:00  INFO 269980 --- [fitness] [           main] c.l.fitness.FitnessApplicationTests      : Started FitnessApplicationTests in 4.501 seconds (process running for 6.006)
]]></system-out>
    <system-err><![CDATA[WARNING: A Java agent has been loaded dynamically (C:\Users\61700\.m2\repository\net\bytebuddy\byte-buddy-agent\1.14.16\byte-buddy-agent-1.14.16.jar)
WARNING: If a serviceability tool is in use, please run with -XX:+EnableDynamicAgentLoading to hide this warning
WARNING: If a serviceability tool is not in use, please run with -Djdk.instrument.traceUsage for more information
WARNING: Dynamic loading of agents will be disallowed by default in a future release
]]></system-err>
  </testcase>
</testsuite>